Starting ChromeDriver 112.0.5615.49 (bd2a7bcb881c11e8cfe3078709382934e3916914-refs/branch-heads/5615@{#936}) on port 4444
Only local connections are allowed.
Please see https://chromedriver.chromium.org/security-considerations for suggestions on keeping ChromeDriver safe.
[1714463992.154][SEVERE]: bind() failed: Cannot assign requested address (99)
ChromeDriver was started successfully.
[1714463994.117][WARNING]: Deprecated chrome option is ignored: useAutomationExtension
[1714463994.118][WARNING]: Deprecated chrome option is ignored: useAutomationExtension
Starting ChromeDriver 112.0.5615.49 (bd2a7bcb881c11e8cfe3078709382934e3916914-refs/branch-heads/5615@{#936}) on port 4444
Only local connections are allowed.
Please see https://chromedriver.chromium.org/security-considerations for suggestions on keeping ChromeDriver safe.
[1714464093.991][SEVERE]: bind() failed: Cannot assign requested address (99)
ChromeDriver was started successfully.
[1714464095.997][WARNING]: Deprecated chrome option is ignored: useAutomationExtension
[1714464095.997][WARNING]: Deprecated chrome option is ignored: useAutomationExtension
Starting ChromeDriver 112.0.5615.49 (bd2a7bcb881c11e8cfe3078709382934e3916914-refs/branch-heads/5615@{#936}) on port 4444
Only local connections are allowed.
Please see https://chromedriver.chromium.org/security-considerations for suggestions on keeping ChromeDriver safe.
[1714496625.341][SEVERE]: bind() failed: Cannot assign requested address (99)
ChromeDriver was started successfully.
[1714496627.357][WARNING]: Deprecated chrome option is ignored: useAutomationExtension
[1714496627.358][WARNING]: Deprecated chrome option is ignored: useAutomationExtension
Starting ChromeDriver 112.0.5615.49 (bd2a7bcb881c11e8cfe3078709382934e3916914-refs/branch-heads/5615@{#936}) on port 4444
Only local connections are allowed.
Please see https://chromedriver.chromium.org/security-considerations for suggestions on keeping ChromeDriver safe.
[1714496666.449][SEVERE]: bind() failed: Cannot assign requested address (99)
ChromeDriver was started successfully.
[1714496668.465][WARNING]: Deprecated chrome option is ignored: useAutomationExtension
[1714496668.465][WARNING]: Deprecated chrome option is ignored: useAutomationExtension
Starting ChromeDriver 112.0.5615.49 (bd2a7bcb881c11e8cfe3078709382934e3916914-refs/branch-heads/5615@{#936}) on port 4444
Only local connections are allowed.
Please see https://chromedriver.chromium.org/security-considerations for suggestions on keeping ChromeDriver safe.
[1714496891.409][SEVERE]: bind() failed: Cannot assign requested address (99)
ChromeDriver was started successfully.
[1714496893.421][WARNING]: Deprecated chrome option is ignored: useAutomationExtension
[1714496893.421][WARNING]: Deprecated chrome option is ignored: useAutomationExtension
Starting ChromeDriver 112.0.5615.49 (bd2a7bcb881c11e8cfe3078709382934e3916914-refs/branch-heads/5615@{#936}) on port 4444
Only local connections are allowed.
Please see https://chromedriver.chromium.org/security-considerations for suggestions on keeping ChromeDriver safe.
[1714497681.717][SEVERE]: bind() failed: Cannot assign requested address (99)
ChromeDriver was started successfully.
[1714497683.731][WARNING]: Deprecated chrome option is ignored: useAutomationExtension
[1714497683.731][WARNING]: Deprecated chrome option is ignored: useAutomationExtension
Starting ChromeDriver 112.0.5615.49 (bd2a7bcb881c11e8cfe3078709382934e3916914-refs/branch-heads/5615@{#936}) on port 4444
Only local connections are allowed.
Please see https://chromedriver.chromium.org/security-considerations for suggestions on keeping ChromeDriver safe.
[1714531692.299][SEVERE]: bind() failed: Cannot assign requested address (99)
ChromeDriver was started successfully.
[1714531694.319][WARNING]: Deprecated chrome option is ignored: useAutomationExtension
[1714531694.319][WARNING]: Deprecated chrome option is ignored: useAutomationExtension
Starting ChromeDriver 112.0.5615.49 (bd2a7bcb881c11e8cfe3078709382934e3916914-refs/branch-heads/5615@{#936}) on port 4444
Only local connections are allowed.
Please see https://chromedriver.chromium.org/security-considerations for suggestions on keeping ChromeDriver safe.
[1714531792.216][SEVERE]: bind() failed: Cannot assign requested address (99)
ChromeDriver was started successfully.
[1714531794.235][WARNING]: Deprecated chrome option is ignored: useAutomationExtension
[1714531794.235][WARNING]: Deprecated chrome option is ignored: useAutomationExtension
Starting ChromeDriver 112.0.5615.49 (bd2a7bcb881c11e8cfe3078709382934e3916914-refs/branch-heads/5615@{#936}) on port 4444
Only local connections are allowed.
Please see https://chromedriver.chromium.org/security-considerations for suggestions on keeping ChromeDriver safe.
[1714531868.762][SEVERE]: bind() failed: Cannot assign requested address (99)
ChromeDriver was started successfully.
[1714531870.793][WARNING]: Deprecated chrome option is ignored: useAutomationExtension
[1714531870.793][WARNING]: Deprecated chrome option is ignored: useAutomationExtension
Starting ChromeDriver 112.0.5615.49 (bd2a7bcb881c11e8cfe3078709382934e3916914-refs/branch-heads/5615@{#936}) on port 4444
Only local connections are allowed.
Please see https://chromedriver.chromium.org/security-considerations for suggestions on keeping ChromeDriver safe.
[1714532593.599][SEVERE]: bind() failed: Cannot assign requested address (99)
ChromeDriver was started successfully.
[1714532595.617][WARNING]: Deprecated chrome option is ignored: useAutomationExtension
[1714532595.617][WARNING]: Deprecated chrome option is ignored: useAutomationExtension
